<?xml version="1.0" encoding="utf-8"?><testsuites name="pytest tests"><testsuite name="pytest" errors="0" failures="0" skipped="0" tests="22" time="2.319" timestamp="2026-06-19T17:38:11.871589+00:00" hostname="agent-env-0730c621-d359-4435-86a4-1a7e6629bfce"><testcase classname="backend.tests.backend_test.TestPublic" name="test_root" time="0.120" /><testcase classname="backend.tests.backend_test.TestPublic" name="test_get_invitation" time="0.246" /><testcase classname="backend.tests.backend_test.TestPublic" name="test_get_invitation_404" time="0.070" /><testcase classname="backend.tests.backend_test.TestPublic" name="test_create_rsvp_and_persist" time="0.039" /><testcase classname="backend.tests.backend_test.TestPublic" name="test_create_wish_and_list" time="0.047" /><testcase classname="backend.tests.backend_test.TestPublic" name="test_visit_counter" time="0.068" /><testcase classname="backend.tests.backend_test.TestPublic" name="test_rsvp_invalid_slug" time="0.025" /><testcase classname="backend.tests.backend_test.TestAuth" name="test_login_success" time="0.249" /><testcase classname="backend.tests.backend_test.TestAuth" name="test_login_wrong_password" time="0.248" /><testcase classname="backend.tests.backend_test.TestAuth" name="test_me" time="0.356" /><testcase classname="backend.tests.backend_test.TestAuth" name="test_admin_without_token" time="0.027" /><testcase classname="backend.tests.backend_test.TestAuth" name="test_admin_invalid_token" time="0.067" /><testcase classname="backend.tests.backend_test.TestDashboard" name="test_dashboard_returns_stats" time="0.075" /><testcase classname="backend.tests.backend_test.TestAdminCRUD" name="test_list_invitations" time="0.026" /><testcase classname="backend.tests.backend_test.TestAdminCRUD" name="test_guest_create_delete" time="0.127" /><testcase classname="backend.tests.backend_test.TestAdminCRUD" name="test_guest_bulk" time="0.066" /><testcase classname="backend.tests.backend_test.TestAdminCRUD" name="test_story_create_delete" time="0.088" /><testcase classname="backend.tests.backend_test.TestAdminCRUD" name="test_gallery_create_delete" time="0.094" /><testcase classname="backend.tests.backend_test.TestAdminCRUD" name="test_gift_create_delete" time="0.056" /><testcase classname="backend.tests.backend_test.TestAdminCRUD" name="test_rsvps_admin" time="0.066" /><testcase classname="backend.tests.backend_test.TestAdminCRUD" name="test_wishes_admin" time="0.025" /><testcase classname="backend.tests.backend_test.TestAdminCRUD" name="test_invitation_update" time="0.051" /></testsuite></testsuites>