<?xml version="1.0" encoding="utf-8"?><testsuites name="pytest tests"><testsuite name="pytest" errors="0" failures="0" skipped="0" tests="26" time="2.329" timestamp="2026-06-19T18:25:37.701759+00:00" hostname="agent-env-0730c621-d359-4435-86a4-1a7e6629bfce"><testcase classname="backend.tests.backend_test.TestPublic" name="test_root" time="0.089" /><testcase classname="backend.tests.backend_test.TestPublic" name="test_get_invitation" time="0.029" /><testcase classname="backend.tests.backend_test.TestPublic" name="test_get_invitation_404" time="0.021" /><testcase classname="backend.tests.backend_test.TestPublic" name="test_create_rsvp_and_persist" time="0.066" /><testcase classname="backend.tests.backend_test.TestPublic" name="test_create_wish_and_list" time="0.094" /><testcase classname="backend.tests.backend_test.TestPublic" name="test_visit_counter" time="0.023" /><testcase classname="backend.tests.backend_test.TestPublic" name="test_rsvp_invalid_slug" time="0.068" /><testcase classname="backend.tests.backend_test.TestAuth" name="test_login_success" time="0.246" /><testcase classname="backend.tests.backend_test.TestAuth" name="test_login_wrong_password" time="0.288" /><testcase classname="backend.tests.backend_test.TestAuth" name="test_me" time="0.359" /><testcase classname="backend.tests.backend_test.TestAuth" name="test_admin_without_token" time="0.028" /><testcase classname="backend.tests.backend_test.TestAuth" name="test_admin_invalid_token" time="0.066" /><testcase classname="backend.tests.backend_test.TestDashboard" name="test_dashboard_returns_stats" time="0.024" /><testcase classname="backend.tests.backend_test.TestAdminCRUD" name="test_list_invitations" time="0.024" /><testcase classname="backend.tests.backend_test.TestAdminCRUD" name="test_guest_create_delete" time="0.118" /><testcase classname="backend.tests.backend_test.TestAdminCRUD" name="test_guest_bulk" time="0.026" /><testcase classname="backend.tests.backend_test.TestAdminCRUD" name="test_story_create_delete" time="0.097" /><testcase classname="backend.tests.backend_test.TestAdminCRUD" name="test_gallery_create_delete" time="0.049" /><testcase classname="backend.tests.backend_test.TestAdminCRUD" name="test_gift_create_delete" time="0.087" /><testcase classname="backend.tests.backend_test.TestAdminCRUD" name="test_rsvps_admin" time="0.066" /><testcase classname="backend.tests.backend_test.TestAdminCRUD" name="test_wishes_admin" time="0.066" /><testcase classname="backend.tests.backend_test.TestAdminCRUD" name="test_invitation_update" time="0.048" /><testcase classname="backend.tests.backend_test.TestHidePhotos" name="test_public_invitation_returns_hide_photos" time="0.032" /><testcase classname="backend.tests.backend_test.TestHidePhotos" name="test_admin_list_includes_hide_photos" time="0.028" /><testcase classname="backend.tests.backend_test.TestHidePhotos" name="test_toggle_hide_photos_persists" time="0.101" /><testcase classname="backend.tests.backend_test.TestHidePhotos" name="test_create_invitation_with_hide_photos_true" time="0.118" /></testsuite></testsuites>